longitude latitude      vx+dvx       vy+dvy    cxy         w+dw         exx+dexx         exy+dexy         eyy+deyy         emax+demax       emin+demin        shr+dshr         azi+dazi        dilat+ddilat     dis.    weight    chisq   nsite
  deg       deg          mm/a         mm/a      /      nano-rad/a    nano-strain/a    nano-strain/a    nano-strain/a    nano-strain/a    nano-strain/a    nano-strain/a        degree       nano-strain/a    km        /         /       /
  19.000   34.000  index = 2
  19.500   34.000  index = 2
  20.000   34.000  index = 2
  20.500   34.000  index = 2
  21.000   34.000  index = 2
  21.500   34.000  index = 2
  22.000   34.000  index = 2
  22.500   34.000  index = 2
  23.000   34.000  index = 2
  23.500   34.000  index = 2
  24.000   34.000    12.9   0.4   -8.1   0.4   0.00     6.8    0.5     -4.0     0.5     -7.7     0.5      8.5     1.0     12.2     0.8     -7.6     0.7      9.9     0.5     19.6      1.6      4.5     1.1    488.0    14.97  5143.86    72
  24.500   34.000    12.5   0.5  -11.1   0.4  -0.00     3.7    0.7     -1.5     0.6     -4.3     0.7     13.1     1.2     14.3     1.1     -2.7     0.8      8.5     0.7     29.6      2.3     11.6     1.4    468.0    10.68  3474.43    53
  25.000   34.000    10.9   0.5  -14.4   0.5  -0.00    -0.3    0.8      3.6     0.8      2.0     0.8     19.1     1.4     19.4     1.5      3.3     0.8      8.0     0.8   -127.7      2.9     22.7     1.6    453.0     8.80  2505.56    41
  25.500   34.000    12.2   0.5  -12.6   0.4   0.00    -5.2    0.7      5.2     0.7      5.4     0.7     17.7     1.3     19.7     1.4      3.2     0.6      8.2     0.7   -114.6      2.6     22.9     1.5    473.0     9.82  3373.14    42
  26.000   34.000    12.3   0.4  -12.3   0.4  -0.00    -9.1    0.7      7.5     0.7     10.5     0.7     21.1     1.3     26.8     1.3      1.7     0.6     12.5     0.7   -106.4      1.7     28.5     1.4    485.0    10.51  3542.64    39
  26.500   34.000  index = 2
  27.000   34.000  index = 2
  27.500   34.000  index = 2
  28.000   34.000    12.9   0.4   -3.0   0.4   0.00   -14.7    1.0     14.1     0.8     17.3     1.0     13.7     1.8     31.2     1.5     -3.5     1.3     17.3     1.0    -89.7      1.6     27.7     2.0    390.0     6.02   341.06    21
  28.500   34.000    13.7   0.4   -1.0   0.4   0.00   -15.5    0.9     14.1     0.7     17.6     0.9     12.8     1.6     31.1     1.4     -4.2     1.1     17.7     0.9    -88.9      1.5     26.9     1.8    398.0     6.04   320.90    21
  29.000   34.000    14.4   0.3    1.4   0.3   0.00   -15.6    0.8     14.2     0.7     17.6     0.8     11.9     1.5     30.6     1.3     -4.6     1.0     17.6     0.8    -88.1      1.3     26.0     1.6    407.0     6.16   223.86    21
  29.500   34.000    15.1   0.3    2.5   0.3  -0.00   -16.5    0.8     14.2     0.7     17.8     0.8     11.2     1.5     30.6     1.3     -5.2     1.0     17.9     0.8    -87.6      1.3     25.4     1.7    409.0     6.10   239.34    19
  30.000   34.000    15.7   0.3    4.4   0.3   0.00   -16.7    0.8     14.2     0.8     17.5     0.8     10.4     1.5     29.9     1.4     -5.3     0.9     17.6     0.8    -87.0      1.4     24.6     1.7    414.0     6.02   165.66    17
  19.000   34.500  index = 2
  19.500   34.500  index = 2
  20.000   34.500  index = 2
  20.500   34.500  index = 2
  21.000   34.500  index = 2
  21.500   34.500  index = 2
  22.000   34.500  index = 2
  22.500   34.500  index = 2
  23.000   34.500  index = 2
  23.500   34.500  index = 2
  24.000   34.500    11.4   0.3  -11.6   0.3   0.00     6.9    0.5     -2.7     0.5     -2.8     0.5     20.6     0.8     20.9     0.8     -3.0     0.5     12.0     0.5     38.2      1.1     17.9     0.9    496.0    19.85  5866.10    84
  24.500   34.500    12.4   0.3  -10.9   0.3   0.00     5.1    0.5     -2.5     0.5     -4.7     0.5     16.5     0.9     17.5     0.9     -3.6     0.6     10.6     0.5     31.9      1.5     14.0     1.1    476.0    15.80  4975.02    68
  25.000   34.500    11.3   0.4  -14.1   0.4   0.00     1.0    0.7      1.7     0.7      0.4     0.7     22.2     1.2     22.2     1.2      1.7     0.7     10.2     0.7   -134.0      2.0     23.9     1.4    456.0    11.20  3074.88    46
  25.500   34.500    10.8   0.4  -15.1   0.4   0.00    -2.6    0.7      5.2     0.8      6.6     0.7     27.3     1.2     29.1     1.3      3.4     0.7     12.9     0.7   -119.5      1.7     32.5     1.5    456.0    10.35  2776.85    39
  26.000   34.500    11.8   0.4  -13.2   0.3   0.00    -7.1    0.7      6.8     0.7     10.3     0.7     26.3     1.1     30.7     1.2      2.3     0.6     14.2     0.7   -111.7      1.4     33.1     1.3    476.0    11.95  3671.11    40
  26.500   34.500    12.3   0.4  -12.7   0.3   0.00   -11.2    0.7      8.5     0.7     15.1     0.7     30.2     1.2     37.9     1.3      0.8     0.5     18.6     0.7   -107.9      1.1     38.7     1.4    482.0    11.05  3271.19    34
  27.000   34.500    11.2   0.4   -8.2   0.4   0.00    -9.9    1.0     13.2     1.0     15.2     1.0     20.5     1.7     32.5     1.5      1.2     1.3     15.7     1.0    -96.8      1.8     33.7     2.0    380.0     8.51   573.42    22
  27.500   34.500    12.0   0.4   -5.1   0.4   0.00   -12.5    1.1     13.5     1.0     16.6     1.1     18.4     1.9     32.8     1.6     -0.8     1.4     16.8     1.1    -94.2      1.9     31.9     2.2    362.0     6.24   323.27    22
  28.000   34.500    12.7   0.4   -3.2   0.4   0.00   -13.7    1.0     13.8     0.8     17.4     1.0     17.1     1.8     32.9     1.5     -2.0     1.3     17.5     1.0    -92.7      1.6     30.9     2.0    370.0     6.01   362.36    22
  28.500   34.500    13.5   0.4   -1.1   0.3   0.00   -14.5    0.9     14.0     0.7     18.2     0.9     15.9     1.6     33.2     1.4     -3.3     1.1     18.2     0.9    -91.5      1.4     29.9     1.8    382.0     6.08   365.51    22
  29.000   34.500    14.2   0.3    0.8   0.3   0.00   -15.1    0.8     14.2     0.7     18.6     0.8     14.6     1.5     33.0     1.3     -4.2     1.0     18.6     0.8    -90.4      1.3     28.8     1.6    393.0     6.18   321.49    21
  29.500   34.500    14.9   0.3    2.5   0.3  -0.00   -15.1    0.8     14.1     0.7     19.3     0.8     13.7     1.4     33.3     1.3     -5.4     1.0     19.3     0.8    -89.7      1.2     27.8     1.6    399.0     6.26   295.61    20
  30.000   34.500    15.6   0.3    4.1   0.3   0.00   -16.0    0.8     14.0     0.8     19.2     0.8     12.9     1.5     32.7     1.4     -5.7     1.0     19.2     0.8    -89.2      1.3     27.0     1.7    399.0     6.02   232.65    18
  19.000   35.000  index = 2
  19.500   35.000  index = 2
  20.000   35.000  index = 2
  20.500   35.000  index = 2
  21.000   35.000  index = 2
  21.500   35.000  index = 2
  22.000   35.000  index = 2
  22.500   35.000  index = 2
  23.000   35.000  index = 2
  23.500   35.000  index = 2
  24.000   35.000  index = 2
  24.500   35.000    12.3   0.3  -10.3   0.2   0.00     7.3    0.4     -3.7     0.4     -4.6     0.4     20.0     0.7     20.8     0.7     -4.6     0.5     12.7     0.4     34.3      1.0     16.3     0.9    485.0    20.67  6180.64    77
  25.000   35.000    11.3   0.3  -13.2   0.3  -0.00     2.9    0.5      0.3     0.6     -0.5     0.5     24.4     0.9     24.4     0.9      0.2     0.6     12.1     0.5     43.8      1.3     24.7     1.1    466.0    16.96  4572.35    61
  25.500   35.000    10.5   0.4  -15.6   0.3   0.00     0.0    0.7      3.3     0.8      6.2     0.7     33.7     1.1     34.9     1.2      2.1     0.7     16.4     0.7   -123.9      1.2     37.0     1.4    447.0    11.34  2618.67    38
  26.000   35.000     9.6   0.2  -12.8   0.2   0.00    -1.0    0.7     10.9     0.9     10.2     0.7     27.1     1.0     32.0     1.1      6.0     0.9     13.0     0.7   -109.3      1.5     38.0     1.4    429.0    18.30  1559.72    28
  26.500   35.000    10.3   0.3  -12.1   0.2   0.00    -2.8    0.8     11.6     0.9     10.9     0.8     27.4     1.2     32.9     1.2      6.0     0.9     13.5     0.8   -108.0      1.6     39.0     1.5    409.0    15.30  1277.84    25
  27.000   35.000    11.0   0.3   -6.1   0.3  -0.00    -9.6    0.8     12.4     0.9     17.0     0.8     23.1     1.4     35.5     1.2     -0.0     1.1     17.8     0.8    -98.8      1.3     35.5     1.6    390.0     9.56   526.66    23
  27.500   35.000    11.8   0.4   -4.9   0.4  -0.00   -10.7    0.9     13.0     0.9     17.0     0.9     22.4     1.6     35.3     1.3      0.1     1.2     17.6     0.9    -97.7      1.5     35.4     1.8    371.0     7.55   438.92    22
  28.000   35.000    12.6   0.4   -3.2   0.4   0.00   -12.6    0.9     13.6     0.9     17.4     0.9     20.2     1.7     34.6     1.4     -0.9     1.3     17.7     0.9    -95.4      1.5     33.7     1.9    358.0     6.08   400.59    22
  28.500   35.000    13.3   0.3   -1.0   0.3   0.00   -13.5    0.9     13.8     0.8     18.6     0.9     18.7     1.5     35.0     1.3     -2.5     1.1     18.8     0.9    -93.7      1.3     32.5     1.7    369.0     6.03   380.43    22
  29.000   35.000    14.0   0.3    0.8   0.3   0.00   -14.1    0.8     14.0     0.7     19.4     0.8     17.7     1.5     35.3     1.3     -3.6     1.0     19.5     0.8    -92.8      1.2     31.8     1.6    379.0     6.04   362.85    21
  29.500   35.000    14.8   0.3    2.5   0.3  -0.00   -13.8    0.8     13.9     0.7     20.6     0.8     17.0     1.4     36.1     1.3     -5.2     1.0     20.7     0.8    -92.2      1.1     30.9     1.6    386.0     6.25   340.11    21
  30.000   35.000    15.5   0.3    4.2   0.3   0.00   -14.8    0.8     13.9     0.8     20.5     0.8     16.0     1.4     35.5     1.3     -5.6     1.0     20.5     0.8    -91.4      1.2     29.9     1.7    388.0     6.10   270.19    19
  19.000   35.500  index = 2
  19.500   35.500  index = 2
  20.000   35.500  index = 2
  20.500   35.500  index = 2
  21.000   35.500  index = 2
  21.500   35.500  index = 2
  22.000   35.500  index = 2
  22.500   35.500  index = 2
  23.000   35.500  index = 2
  23.500   35.500  index = 2
  24.000   35.500  index = 2
  24.500   35.500     8.6   0.1  -12.5   0.1   0.00     9.7    0.3      1.6     0.4      5.6     0.3     30.4     0.5     31.5     0.5      0.6     0.4     15.4     0.3   -124.5      0.6     32.1     0.7    496.0    60.06  6613.15    96
  25.000   35.500     8.8   0.1  -12.7   0.1  -0.00     7.6    0.4      4.5     0.5      7.1     0.4     30.3     0.5     32.2     0.6      2.7     0.5     14.7     0.4   -120.6      0.7     34.9     0.7    477.0    48.34  5011.04    78
  25.500   35.500     9.0   0.1  -12.7   0.1   0.00     5.4    0.4      5.0     0.6      7.2     0.4     32.4     0.6     34.1     0.6      3.2     0.6     15.5     0.4   -121.2      0.8     37.3     0.9    457.0    35.72  3244.74    54
  26.000   35.500     9.6   0.2  -12.3   0.2   0.00     2.3    0.6      9.2     0.8      8.5     0.6     30.3     0.8     33.3     0.8      6.2     0.8     13.6     0.6   -115.6      1.2     39.5     1.2    438.0    21.94  1857.93    31
  26.500   35.500    10.4   0.2  -11.8   0.2   0.00     0.6    0.6     10.4     0.9      9.3     0.6     30.2     1.0     33.8     1.0      6.7     0.9     13.6     0.7   -113.5      1.4     40.6     1.3    419.0    17.42  1415.40    26
  27.000   35.500    11.2   0.3  -10.7   0.2   0.00    -2.2    0.7     11.7     0.9     10.5     0.7     29.7     1.1     34.6     1.1      6.9     0.9     13.9     0.7   -110.3      1.4     41.4     1.4    400.0    14.92  1307.70    25
  27.500   35.500    12.0   0.4   -5.5   0.3   0.00   -11.7    1.1     13.1     1.1     14.8     1.1     22.9     1.9     33.6     1.6      2.5     1.5     15.6     1.1    -99.2      2.0     36.1     2.2    315.0     6.06   415.19    19
  28.000   35.500    12.6   0.3   -3.1   0.3   0.00   -12.5    1.0     13.2     0.8     17.7     1.0     23.8     1.8     37.0     1.5      0.1     1.3     18.4     1.0    -98.3      1.6     37.1     2.0    331.0     6.04   405.82    19
  28.500   35.500    13.2   0.3   -1.1   0.3  -0.00   -12.8    1.0     13.3     0.8     19.3     1.0     23.4     1.8     38.3     1.5     -1.6     1.2     20.0     1.0    -97.4      1.4     36.7     1.9    341.0     6.21   370.81    19
  29.000   35.500    14.2   0.3    0.9   0.3   0.00   -11.7    0.8     13.6     0.8     21.5     0.8     21.2     1.4     39.2     1.2     -4.4     1.0     21.8     0.8    -95.0      1.0     34.8     1.6    369.0     6.02   406.58    22
  29.500   35.500    14.6   0.3   -3.6   0.3  -0.00   -20.5    1.1     14.1     1.1     29.2     1.1     38.7     1.9     58.1     1.8     -5.3     1.2     31.7     1.1   -101.4      1.0     52.8     2.2    342.0     6.18   252.06    16
  30.000   35.500    15.2   0.3   -0.8   0.3  -0.00   -22.2    1.0     14.6     1.1     28.8     1.0     36.4     1.8     56.3     1.7     -5.3     1.1     30.8     1.0   -100.3      1.0     51.0     2.1    350.0     6.06   223.79    15
  19.000   36.000    12.9   0.4    2.2   0.4   0.00    29.1    1.1    -20.9     0.9    -13.3     1.1     18.9     2.0     22.9     1.9    -24.9     1.0     23.9     1.1     28.1      1.3     -2.0     2.2    251.0     6.12   371.64    42
  19.500   36.000    12.1   0.4    0.4   0.4   0.00    27.8    1.2    -19.8     1.0    -13.7     1.2     17.7     2.1     22.2     2.0    -24.3     1.2     23.2     1.2     26.9      1.4     -2.1     2.3    251.0     6.03   484.59    38
  20.000   36.000    11.1   0.5   -1.5   0.5   0.00    26.0    1.4    -17.9     1.4    -13.8     1.4     15.6     2.4     20.5     2.1    -22.9     1.8     21.7     1.4     25.2      1.8     -2.3     2.8    245.0     6.03   549.14    33
  20.500   36.000    11.2   0.5   -2.5   0.5  -0.00    23.9    1.4    -16.0     1.6    -14.4     1.4     12.0     2.3     18.1     1.9    -22.1     2.1     20.1     1.4     22.2      2.0     -4.0     2.8    251.0     7.39   516.72    30
  21.000   36.000    10.6   0.4   -4.2   0.4   0.00    22.1    1.2    -14.1     1.4    -13.6     1.2      9.4     1.9     15.6     1.5    -20.3     1.8     18.0     1.2     20.4      1.9     -4.7     2.4    272.0    11.31   670.97    34
  21.500   36.000    10.0   0.4   -6.2   0.4   0.00    19.7    1.3    -12.0     1.7    -11.4     1.3     11.6     1.9     16.2     1.5    -16.6     2.0     16.4     1.3     23.0      2.2     -0.4     2.5    275.0    13.22   643.78    32
  22.000   36.000     8.8   0.3   -8.5   0.3   0.00    17.9    1.1     -7.5     1.5     -7.1     1.1     16.9     1.6     18.8     1.3     -9.5     1.7     14.1     1.1     29.8      2.1      9.3     2.1    295.0    18.18   955.13    34
  22.500   36.000     8.8   0.2   -9.4   0.2  -0.00    17.8    0.9     -6.6     1.3     -5.4     0.9     18.5     1.3     19.6     1.2     -7.7     1.5     13.6     0.9     33.4      1.9     11.9     1.9    316.0    21.48   966.55    34
  23.000   36.000     8.0   0.2  -10.9   0.2  -0.00    10.6    1.0     -0.9     1.6     -1.8     1.0     22.9     1.4     23.0     1.4     -1.0     1.6     12.0     1.1     40.7      2.4     22.0     2.1    298.0    15.38   716.51    23
  23.500   36.000     6.6   0.3  -12.3   0.3   0.00     0.8    3.5     31.0     5.0      7.0     3.5      4.5     4.9     32.7     5.7      2.7     4.1     15.0     3.5    -59.0      6.7     35.5     7.0    150.0     6.01    10.43     8
  24.000   36.000     7.8   0.3  -12.5   0.3  -0.00     4.9    2.8     22.7     4.1     -0.3     2.8     -1.1     4.1     22.7     4.0     -1.1     4.2     11.9     2.9    -44.3      6.7     21.6     5.8    167.0     6.03    26.65    10
  24.500   36.000     8.5   0.3  -13.1   0.3  -0.00     8.1    2.2     15.8     3.0     -4.8     2.2     -1.7     3.5     17.0     2.8     -2.9     3.7     10.0     2.3    -30.5      6.5     14.1     4.7    179.0     6.04    24.13    10
  25.000   36.000     9.0   0.3  -13.6   0.3   0.00     7.2    2.2     12.9     2.5     -6.8     2.2      3.5     3.8     16.5     2.6     -0.1     3.6      8.3     2.2    -17.4      7.8     16.4     4.6    179.0     6.31    32.34    11
  25.500   36.000     9.5   0.3  -14.0   0.3  -0.00     6.4    2.0     12.8     2.2     -8.6     2.0     11.1     3.6     20.5     2.8      3.3     3.1      8.6     2.0     -2.9      7.0     23.8     4.2    192.0     6.25    39.73    10
  26.000   36.000    10.0   0.3  -14.5   0.3  -0.00     5.6    2.1     12.7     2.3     -9.9     2.1     17.3     3.7     25.2     3.1      4.8     3.0     10.2     2.1      6.5      6.1     30.0     4.4    198.0     6.02    37.95     9
  26.500   36.000    10.5   0.3  -14.9   0.3   0.00     4.3    2.2     12.6     2.6    -11.3     2.2     23.3     3.7     30.5     3.2      5.4     3.1     12.5     2.2     12.7      5.1     35.9     4.5    204.0     6.31    34.17     9
  27.000   36.000    10.9   0.4  -15.2   0.3   0.00     2.2    2.3     11.9     3.1    -11.3     2.3     28.4     3.4     34.1     3.0      6.1     3.5     14.0     2.3     18.1      4.7     40.2     4.7    213.0     6.48    31.21     9
  27.500   36.000    11.9   0.4  -13.3   0.3  -0.00    -6.4    1.8     13.5     2.2      4.5     1.8     37.8     2.7     38.5     2.8     12.7     2.1     12.9     1.8   -124.9      3.9     51.3     3.5    261.0     6.19   222.52    13
  28.000   36.000    12.6   0.4  -10.1   0.3   0.00   -15.7    1.5     14.4     1.7     17.1     1.5     45.7     2.4     53.2     2.4      6.9     1.7     23.2     1.5   -111.2      1.8     60.1     2.9    279.0     6.34   298.68    14
  28.500   36.000    13.3   0.3   -7.1   0.3   0.00   -19.3    1.2     14.4     1.3     23.4     1.2     46.0     2.1     58.4     2.0      2.0     1.4     28.2     1.2   -107.0      1.3     60.4     2.4    298.0     6.39   296.87    14
  29.000   36.000    14.0   0.3   -4.5   0.3   0.00   -20.5    1.2     14.3     1.1     26.5     1.2     44.6     2.0     60.0     1.9     -1.0     1.4     30.5     1.2   -104.9      1.1     58.9     2.3    308.0     6.01   233.61    13
  29.500   36.000    14.9   0.3   -2.0   0.3  -0.00   -19.2    1.1     13.4     1.1     29.8     1.1     42.2     2.0     60.9     1.8     -5.3     1.3     33.1     1.1   -102.9      1.0     55.7     2.3    320.0     6.22   189.13    13
  30.000   36.000    15.7   0.3    0.7   0.3   0.00   -19.4    0.9     14.1     1.0     30.0     0.9     37.2     1.6     57.9     1.5     -6.6     1.1     32.2     0.9   -100.5      0.8     51.3     1.9    345.0     6.14   237.24    16
  19.000   36.500    12.8   0.4    2.3   0.4  -0.00    32.4    1.1    -22.9     1.0    -11.5     1.1     26.1     2.0     28.6     2.0    -25.5     1.0     27.1     1.1     32.5      1.2      3.2     2.2    234.0     6.14   382.27    44
  19.500   36.500    11.7   0.4    0.1   0.4   0.00    32.1    1.2    -21.5     1.2    -10.8     1.2     26.8     2.2     29.2     2.1    -23.8     1.3     26.5     1.2     33.0      1.3      5.3     2.5    234.0     6.05   498.57    38
  20.000   36.500    10.4   0.5   -2.0   0.5   0.00    30.9    1.5    -18.4     1.5     -9.7     1.5     25.6     2.6     27.6     2.4    -20.5     1.8     24.0     1.5     33.1      1.8      7.1     3.0    229.0     6.24   594.26    32
  20.500   36.500     8.9   0.5   -4.2   0.5  -0.00    28.3    1.6    -12.7     1.9     -7.5     1.6     23.5     2.6     25.0     2.3    -14.2     2.2     19.6     1.6     33.8      2.3     10.8     3.2    230.0     7.43   723.91    28
  21.000   36.500    10.6   0.4   -4.2   0.4  -0.00    24.0    1.3    -13.7     1.7    -11.7     1.3     14.0     2.0     18.2     1.6    -17.9     2.0     18.1     1.3     24.9      2.0      0.3     2.6    250.0    10.51   655.43    31
  21.500   36.500     8.9   0.4   -7.3   0.4   0.00    19.3    1.5     -6.9     2.2     -5.4     1.5     18.7     2.2     19.8     1.9     -8.0     2.4     13.9     1.5     33.5      3.2     11.7     3.1    248.0    10.18   664.81    24
  22.000   36.500     8.6   0.4   -8.8   0.4  -0.00    15.9    1.5     -4.8     2.3     -3.1     1.5     19.5     2.0     19.9     1.9     -5.2     2.5     12.5     1.5     37.8      3.5     14.7     3.1    249.0    10.58   563.54    20
  22.500   36.500     4.1   0.3  -13.1   0.3   0.00     8.4    3.5     36.1     4.3     13.4     3.5     16.1     5.5     42.8     5.7      9.4     4.1     16.7     3.5    -71.6      6.0     52.2     7.0    133.0     6.05    61.90     9
  23.000   36.500     5.8   0.3  -12.8   0.3  -0.00     4.0    3.3     32.8     4.3      9.3     3.3      9.0     4.9     36.0     5.2      5.9     4.0     15.1     3.3    -64.0      6.2     41.8     6.5    131.0     6.11    38.73     9
  23.500   36.500     7.3   0.3  -12.5   0.3   0.00    -0.9    3.7     24.4     6.0      9.2     3.7      6.7     4.7     28.3     6.7      2.8     3.4     12.7     3.8    -68.0      8.5     31.1     7.6    135.0     6.04    22.50     9
  24.000   36.500     8.1   0.3  -12.5   0.3   0.00     4.3    2.5     17.6     4.3      1.8     2.5      4.2     3.0     17.9     4.4      4.0     2.9      6.9     2.6    -52.4     10.2     21.9     5.2    163.0     6.00    40.47    10
  24.500   36.500     8.5   0.3  -12.5   0.3   0.00     4.1    1.8     12.2     3.0     -2.0     1.8      8.9     2.6     13.2     2.6      7.9     2.9      2.6     1.9    -19.5     21.4     21.1     4.0    178.0     6.39    72.12    12
  25.000   36.500     8.8   0.3  -12.7   0.3   0.00     4.3    1.6     11.1     2.4     -5.2     1.6     13.2     2.5     17.5     2.2      6.9     2.6      5.3     1.6      5.8      9.4     24.4     3.5    186.0     6.02    84.55    12
  25.500   36.500     9.2   0.3  -12.9   0.3   0.00     3.6    1.5     11.0     2.2     -7.5     1.5     18.9     2.4     23.4     2.1      6.5     2.4      8.4     1.6     13.9      5.5     29.9     3.3    192.0     6.05    89.45    12
  26.000   36.500     9.5   0.3  -13.1   0.3  -0.00     2.3    1.6     11.1     2.3     -8.9     1.6     23.9     2.4     28.5     2.1      6.5     2.5     11.0     1.6     17.9      4.3     35.0     3.4    198.0     6.01    80.21    11
  26.500   36.500     9.9   0.4  -13.2   0.3   0.00     0.9    1.7     10.4     2.7     -9.6     1.7     28.9     2.4     33.0     2.1      6.4     2.9     13.3     1.8     22.0      3.8     39.4     3.6    207.0     6.02    68.50    10
  27.000   36.500    11.0   0.4  -13.4   0.3   0.00     3.0    1.6     12.7     2.3     -5.1     1.6     30.3     2.2     31.6     2.0     11.4     2.5     10.1     1.6     30.0      4.5     43.0     3.2    243.0     7.64   103.91    13
  27.500   36.500    11.8   0.5  -13.0   0.4   0.00     1.5    2.0     14.8     3.1     -2.4     2.0     35.0     2.5     35.2     2.4     14.5     3.2     10.4     2.0     38.3      5.5     49.8     4.0    240.0     6.02    70.20    11
  28.000   36.500    12.8   0.4   -8.3   0.3   0.00   -12.2    1.3     15.4     1.7     15.8     1.3     42.7     1.8     49.9     1.9      8.2     1.7     20.8     1.3   -110.4      1.8     58.1     2.5    275.0     6.03   321.62    15
  28.500   36.500    14.0   0.3   -5.3   0.3   0.00   -14.8    1.1     14.2     1.3     24.7     1.1     42.8     1.7     57.0     1.7     -0.1     1.4     28.5     1.1   -105.1      1.1     56.9     2.1    293.0     6.21   346.83    16
  29.000   36.500    14.7   0.3   -2.6   0.3  -0.00   -17.1    1.0     14.0     1.1     28.0     1.0     41.2     1.6     58.7     1.5     -3.5     1.2     31.1     1.0   -103.0      0.9     55.2     2.0    307.0     6.08   291.89    15
  29.500   36.500    15.4   0.3   -0.1   0.3   0.00   -17.9    0.9     13.8     1.1     29.6     0.9     39.7     1.5     59.1     1.5     -5.5     1.1     32.3     0.9   -101.8      0.8     53.6     1.8    322.0     6.22   245.29    14
  30.000   36.500    16.1   0.3    2.3   0.3  -0.00   -18.5    1.0     13.7     1.1     30.7     1.0     38.7     1.6     59.3     1.6     -7.0     1.1     33.2     0.9   -101.1      0.8     52.4     1.9    326.0     6.00   175.56    13
  19.000   37.000    13.0   0.4    2.2   0.4   0.00    35.9    1.2    -24.4     1.1     -9.0     1.2     36.2     2.1     37.5     2.1    -25.7     1.2     31.6     1.2     36.7      1.1     11.8     2.4    213.0     6.11   275.81    45
  19.500   37.000    11.6   0.4    0.2   0.4   0.00    37.2    1.4    -23.2     1.4     -7.0     1.4     39.2     2.5     40.0     2.4    -24.0     1.4     32.0     1.4     38.7      1.3     16.0     2.8    214.0     6.06   397.80    36
  20.000   37.000    10.2   0.5   -2.0   0.5   0.00    37.7    1.7    -20.5     1.9     -4.9     1.7     39.5     2.7     39.9     2.7    -20.9     2.0     30.4     1.7     40.3      1.6     18.9     3.3    211.0     6.10   491.59    30
  20.500   37.000     8.7   0.5   -4.4   0.5   0.00    35.7    1.9    -15.0     2.4     -1.6     1.9     37.5     3.0     37.5     2.9    -15.1     2.5     26.3     1.9     43.3      2.1     22.4     3.8    207.0     6.05   544.89    22
  21.000   37.000     7.5   0.5   -6.3   0.5  -0.00    32.5    2.0     -8.3     2.7      0.1     2.0     33.2     2.9     33.2     2.9     -8.3     2.7     20.8     2.0   -134.8      2.7     25.0     4.0    204.0     6.02   555.27    16
  21.500   37.000     8.9   0.4   -6.7   0.4   0.00    24.6    1.6     -7.9     2.3     -5.1     1.6     22.1     2.2     23.0     2.0     -8.7     2.5     15.8     1.6     35.6      2.9     14.3     3.2    220.0     8.38   567.62    19
  22.000   37.000     3.8   0.3  -12.1   0.3   0.00    28.3    3.9     26.9     5.5     20.8     3.9     42.0     5.8     56.6     6.6     12.4     4.4     22.1     3.9   -100.0      5.1     69.0     8.0    112.0     6.02   114.58     8
  22.500   37.000     5.0   0.3  -12.2   0.3  -0.00    17.4    2.7     20.9     3.8      9.6     2.7     26.7     3.8     33.8     4.0     13.7     3.7     10.0     2.7    -98.5      7.7     47.6     5.4    128.0     6.00   129.65     9
  23.000   37.000     6.3   0.3  -12.3   0.3   0.00     9.8    2.5     22.4     3.8      5.1     2.5     17.4     3.2     25.6     3.7     14.2     3.3      5.7     2.5    -76.8     12.5     39.8     4.9    129.0     6.01    88.36    10
  23.500   37.000     7.5   0.3  -12.1   0.3   0.00     6.2    2.3     18.7     3.9      3.0     2.3      9.9     2.6     19.6     3.9      8.9     2.5      5.3     2.3    -62.2     12.6     28.5     4.7    144.0     6.02    91.01    11
  24.000   37.000     8.0   0.3  -11.8   0.3  -0.00     3.3    2.1     12.0     3.7      2.7     2.1     12.7     2.4     15.1     3.2      9.6     2.9      2.7     2.1    -93.4     23.1     24.7     4.4    158.0     6.25   111.13    15
  24.500   37.000     8.1   0.3  -11.6   0.3   0.00     1.4    1.7      7.6     3.0     -0.1     1.7     15.1     2.1     15.1     2.1      7.6     3.0      3.8     1.8     44.5     12.8     22.7     3.6    173.0     6.00   140.39    15
  25.000   37.000     8.4   0.3  -11.1   0.3   0.00     1.2    1.4      5.7     2.3     -3.1     1.4     22.4     1.8     23.0     1.8      5.2     2.3      8.9     1.4     34.7      4.4     28.1     2.9    190.0     6.17   195.43    15
  25.500   37.000     8.6   0.3  -11.2   0.3   0.00    -0.5    1.3      6.8     2.2     -5.3     1.3     26.5     1.7     27.9     1.7      5.5     2.2     11.2     1.4     30.9      3.5     33.4     2.8    196.0     6.07   176.76    14
  26.000   37.000     8.9   0.3  -11.1   0.3  -0.00    -1.7    1.4      6.9     2.3     -6.9     1.4     30.9     1.7     32.7     1.6      5.0     2.4     13.9     1.4     30.0      3.0     37.7     2.9    202.0     6.06   143.70    13
  26.500   37.000     9.1   0.3  -11.0   0.3   0.00    -3.2    1.5      6.3     2.6     -7.4     1.5     33.9     1.8     35.7     1.6      4.5     2.7     15.6     1.6     30.9      2.8     40.2     3.2    212.0     6.37   117.04    12
  27.000   37.000    11.0   0.4  -11.1   0.3   0.00     1.0    1.5     13.4     2.5     -1.9     1.5     34.6     1.9     34.8     1.8     13.2     2.6     10.8     1.6     39.8      4.1     47.9     3.2    229.0     6.53   135.84    15
  27.500   37.000    12.3   0.4  -10.3   0.4   0.00     0.3    1.6     18.1     2.7      2.3     1.6     38.8     1.8     39.1     1.9     17.8     2.7     10.6     1.6   -128.7      4.3     56.9     3.2    241.0     6.25   127.78    14
  28.000   37.000    13.9   0.4   -6.4   0.3  -0.00    -6.8    1.1     14.7     1.7     17.2     1.1     41.7     1.4     50.1     1.5      6.4     1.6     21.9     1.1   -109.0      1.4     56.5     2.2    274.0     6.09   365.65    19
  28.500   37.000    14.7   0.3   -3.6   0.3   0.00   -11.9    0.9     14.1     1.3     24.0     0.9     40.6     1.3     54.8     1.3     -0.1     1.3     27.4     0.9   -104.4      1.0     54.7     1.8    291.0     6.30   408.48    19
  29.000   37.000    15.5   0.3   -1.0   0.3  -0.00   -15.0    0.9     13.7     1.2     27.8     0.9     39.1     1.3     57.0     1.3     -4.2     1.1     30.6     0.9   -102.3      0.8     52.8     1.7    301.0     6.09   344.82    18
  29.500   37.000    16.1   0.3    1.5   0.3   0.00   -16.2    0.8     13.6     1.1     29.4     0.8     37.7     1.2     57.4     1.3     -6.1     1.0     31.8     0.8   -101.1      0.8     51.3     1.6    317.0     6.16   295.24    16
  30.000   37.000    16.6   0.3    4.0   0.3   0.00   -17.2    0.9     14.3     1.1     30.3     0.9     36.7     1.3     57.8     1.4     -6.7     1.0     32.3     0.8   -100.2      0.8     51.1     1.7    329.0     6.09   227.33    14
  19.000   37.500    14.1   0.4    3.2   0.4  -0.00    38.0    1.4    -24.0     1.3     -7.4     1.4     43.5     2.5     44.3     2.4    -24.8     1.4     34.6     1.4     38.8      1.2     19.4     2.8    191.0     6.01   264.55    39
  19.500   37.500    12.8   0.4    1.4   0.4  -0.00    39.2    1.5    -22.7     1.6     -4.8     1.5     44.6     2.6     44.9     2.5    -23.0     1.7     34.0     1.5     40.9      1.3     21.9     3.0    196.0     6.04   300.13    35
  20.000   37.500    10.2   0.5   -1.5   0.5  -0.00    51.8    2.5    -29.6     3.3      1.4     2.5     59.2     3.7     59.2     3.7    -29.6     3.2     44.4     2.5   -134.1      1.6     29.6     4.9    172.0     6.09   198.71    17
  20.500   37.500     9.1   0.4   -3.1   0.4   0.00    55.7    2.6    -28.5     3.9      2.3     2.6     59.0     3.4     59.1     3.4    -28.5     3.8     43.8     2.6   -133.5      1.7     30.5     5.1    173.0     6.34   202.22    13
  21.000   37.500     6.9   0.3   -6.4   0.3   0.00    46.9    1.8    -13.2     2.7      8.0     1.8     54.2     2.3     55.2     2.4    -14.2     2.7     34.7     1.8   -128.3      1.5     41.0     3.6    192.0    10.68   363.27    18
  21.500   37.500     7.0   0.3   -7.9   0.3   0.00    68.1    3.8    -50.5     6.1    -10.8     3.8     45.3     4.7     46.5     4.3    -51.8     6.3     49.1     3.8     38.6      2.2     -5.3     7.7    109.0     6.35   187.28     9
  22.000   37.500     6.3   0.3   -9.7   0.3   0.00    42.6    2.9    -11.8     4.5      8.6     2.9     44.4     3.8     45.7     3.9    -13.1     4.4     29.4     3.0   -126.5      2.8     32.6     5.9    112.0     6.03   224.52    10
  22.500   37.500     6.6   0.3  -10.5   0.3   0.00    27.2    2.5      4.7     3.7      6.8     2.5     34.2     3.3     35.7     3.3      3.2     3.7     16.3     2.5   -122.6      4.3     38.8     5.0    116.0     6.08   156.01    11
  23.000   37.500     6.9   0.3  -11.3   0.3   0.00    22.8    2.4      5.6     3.6      2.8     2.4     27.6     3.1     28.0     3.0      5.2     3.6     11.4     2.4   -127.8      6.0     33.2     4.7    125.0     6.01   128.88    12
  23.500   37.500     7.4   0.3  -11.9   0.3  -0.00    17.0    2.9      4.2     4.6     -0.7     2.9     19.3     3.4     19.4     3.5      4.2     4.5      7.6     2.9     42.4     11.1     23.5     5.7    122.0     6.10    65.01    11
  24.000   37.500     7.7   0.3  -10.8   0.3   0.00     4.8    2.0     -1.6     3.4      2.6     2.0     18.4     2.2     18.8     2.2     -1.9     3.4     10.3     2.0   -127.7      5.6     16.9     4.0    158.0     6.05   207.42    14
  24.500   37.500     7.7   0.3   -9.8   0.3   0.00     2.1    1.5     -4.1     2.6      2.4     1.5     24.9     1.9     25.1     1.8     -4.3     2.6     14.7     1.6   -130.3      3.0     20.8     3.2    180.0     6.02   276.89    16
  25.000   37.500     7.8   0.3   -9.6   0.3   0.00    -2.1    1.4     -2.7     2.4      0.5     1.4     28.3     1.7     28.3     1.7     -2.7     2.4     15.5     1.5   -134.0      2.6     25.5     2.9    187.0     6.09   270.40    16
  25.500   37.500     7.9   0.3   -9.2   0.3   0.00    -4.3    1.4     -1.3     2.3     -2.1     1.4     32.7     1.6     32.9     1.6     -1.4     2.3     17.2     1.4     41.5      2.3     31.4     2.8    192.0     6.02   241.49    16
  26.000   37.500     8.1   0.3   -9.1   0.3   0.00    -6.9    1.5     -0.3     2.6     -3.3     1.5     35.7     1.6     36.0     1.6     -0.6     2.6     18.3     1.5     39.8      2.3     35.4     3.0    195.0     6.01   195.86    15
  26.500   37.500     8.2   0.3   -8.7   0.3   0.00    -7.9    1.6     -0.0     2.8     -4.4     1.6     38.4     1.6     38.9     1.5     -0.5     2.9     19.7     1.6     38.5      2.3     38.3     3.2    207.0     6.47   154.98    14
  27.000   37.500    11.0   0.4   -8.2   0.3  -0.00    -0.8    1.4     14.8     2.4      2.0     1.4     39.7     1.5     39.8     1.6     14.6     2.3     12.6     1.4   -130.5      3.1     54.4     2.8    227.0     6.09   215.57    18
  27.500   37.500    13.7   0.4   -7.4   0.3   0.00     2.7    1.3     17.1     2.3      7.5     1.3     42.2     1.3     44.3     1.5     15.0     2.2     14.6     1.3   -119.6      2.6     59.3     2.7    244.0     6.03   168.63    18
  28.000   37.500    14.6   0.3   -4.4   0.3   0.00    -4.1    1.0     14.5     1.6     17.1     1.0     40.7     1.1     49.1     1.2      6.1     1.5     21.5     1.0   -108.7      1.3     55.2     1.9    280.0     6.02   410.17    20
  28.500   37.500    15.5   0.3   -1.9   0.3   0.00    -8.7    0.9     13.5     1.4     22.4     0.9     39.2     1.1     52.2     1.2      0.5     1.3     25.8     0.9   -104.9      1.0     52.7     1.7    292.0     6.02   443.91    20
  29.000   37.500    16.1   0.3    0.6   0.3   0.00   -12.4    0.8     13.7     1.2     26.3     0.8     37.3     1.1     54.4     1.2     -3.3     1.1     28.9     0.8   -102.1      0.8     51.1     1.6    302.0     6.04   405.32    19
  29.500   37.500    16.8   0.3    3.1   0.3   0.00   -14.5    0.8     13.8     1.2     28.5     0.8     35.9     1.1     55.4     1.2     -5.7     1.0     30.6     0.8   -100.6      0.8     49.7     1.6    315.0     6.05   330.30    17
  30.000   37.500    17.4   0.3    5.4   0.3   0.00   -15.8    0.8     13.8     1.2     29.9     0.8     35.0     1.1     56.1     1.3     -7.3     0.9     31.7     0.8    -99.8      0.8     48.8     1.6    323.0     6.09   253.78    16
  19.000   38.000    14.1   0.4    3.7   0.4   0.00    40.7    1.5    -25.6     1.6     -1.4     1.5     57.0     2.5     57.0     2.4    -25.7     1.6     41.3     1.5     44.0      1.0     31.3     2.9    173.0     6.05   181.77    35
  19.500   38.000    12.9   0.4    2.0   0.4   0.00    44.9    1.6    -24.4     1.9      0.5     1.6     57.2     2.6     57.2     2.6    -24.4     1.9     40.8     1.6   -134.6      1.1     32.7     3.2    174.0     6.13   186.41    29
  20.000   38.000    12.6   0.4    1.6   0.4  -0.00    48.7    2.0    -23.7     2.9      1.9     2.0     58.1     2.9     58.1     2.9    -23.7     2.9     40.9     2.0   -133.7      1.4     34.4     4.1    169.0     6.06   230.50    21
  20.500   38.000    12.0   0.4    0.1   0.4   0.00    54.0    2.3    -25.5     3.6      0.3     2.3     57.2     3.0     57.2     3.0    -25.5     3.6     41.3     2.4   -134.8      1.6     31.7     4.7    164.0     6.26   230.06    15
  21.000   38.000    13.0   0.3   -1.2   0.3   0.00    88.4    4.6    -84.6     6.6    -40.6     4.6     37.5     6.5     49.8     5.8    -96.8     7.2     73.3     4.6     28.2      1.8    -47.0     9.3    101.0     6.11    62.72     8
  21.500   38.000     9.8   0.3   -6.0   0.3   0.00    77.9    3.9    -67.8     5.7    -19.6     3.9     52.1     5.3     55.3     5.2    -71.0     5.8     63.1     3.9     35.9      1.8    -15.7     7.8     99.0     6.21   145.82     9
  22.000   38.000     8.2   0.3   -8.2   0.3   0.00    42.1    3.4    -19.6     5.0      9.6     3.4     50.3     4.6     51.6     4.5    -20.9     5.1     36.3     3.4   -127.3      2.7     30.6     6.8    103.0     6.04   166.67    10
  22.500   38.000     8.3   0.3   -8.8   0.3   0.00    34.7    2.7     -5.3     3.6     11.5     2.7     46.3     3.8     48.8     3.7     -7.7     3.8     28.2     2.7   -123.0      2.7     41.0     5.3    112.0     6.02   125.42    11
  23.000   38.000     8.4   0.3   -9.6   0.3   0.00    33.1    2.8     -7.1     3.6      4.8     2.8     39.4     4.1     39.9     4.0     -7.6     3.7     23.7     2.7   -129.2      3.4     32.3     5.4    112.0     6.05    88.46    11
  23.500   38.000     8.2   0.3  -10.9   0.3   0.00    32.4    3.3    -12.9     4.6     -3.2     3.3     30.9     4.4     31.1     4.5    -13.1     4.5     22.1     3.2     40.9      4.3     18.0     6.4    116.0     6.03    60.11    10
  24.000   38.000     7.8   0.3  -10.1   0.3   0.00    13.3    2.3    -18.3     3.4      4.6     2.3     32.1     2.9     32.5     2.8    -18.8     3.5     25.6     2.2   -129.8      2.5     13.8     4.5    150.0     6.00   226.41    15
  24.500   38.000     7.1   0.3   -8.8   0.3   0.00     4.6    2.0    -26.1     3.1      9.3     2.0     29.6     2.6     31.1     2.4    -27.6     3.3     29.3     2.0   -125.8      2.0      3.5     4.0    162.0     6.01   278.44    15
  25.000   38.000     7.0   0.3   -7.5   0.3   0.00     0.6    1.6    -18.6     2.5      4.6     1.6     35.5     2.1     35.9     2.0    -19.0     2.5     27.4     1.6   -130.2      1.7     16.9     3.2    180.0     6.27   295.98    18
  25.500   38.000     7.0   0.4   -7.2   0.3   0.00    -5.2    1.7    -15.1     2.7      2.5     1.7     37.7     2.1     37.8     2.0    -15.3     2.7     26.5     1.7   -132.3      1.8     22.5     3.4    183.0     6.01   240.83    16
  26.000   38.000     6.9   0.4   -6.8   0.3   0.00   -10.8    1.8    -11.0     2.9      1.6     1.8     41.3     2.0     41.3     2.0    -11.1     2.9     26.2     1.8   -133.3      1.9     30.2     3.6    184.0     6.13   169.45    15
  26.500   38.000     9.8   0.3   -6.4   0.3   0.00    -1.9    1.3      8.2     2.1      4.7     1.3     40.4     1.4     41.1     1.5      7.5     2.1     16.8     1.3   -126.8      2.1     48.6     2.6    222.0     6.04   378.20    19
  27.000   38.000    11.2   0.3   -5.6   0.3   0.00    -1.6    1.2     17.4     2.1      6.8     1.2     42.2     1.3     43.9     1.4     15.7     2.1     14.1     1.3   -120.6      2.5     59.6     2.5    229.0     6.04   339.13    19
  27.500   38.000    14.4   0.3   -4.7   0.3  -0.00     3.9    1.1     14.5     1.9      9.4     1.1     44.0     1.1     46.7     1.1     11.8     1.9     17.5     1.1   -118.8      1.8     58.5     2.2    252.0     6.06   246.27    19
  28.000   38.000    15.2   0.3   -2.5   0.3   0.00    -1.0    1.0     13.2     1.5     16.3     1.0     40.6     1.1     48.2     1.1      5.5     1.5     21.3     1.0   -110.0      1.3     53.7     1.9    282.0     6.01   422.64    20
  28.500   38.000    16.0   0.3   -0.4   0.3   0.00    -5.6    0.9     13.6     1.4     20.7     0.9     38.2     1.0     50.0     1.1      1.8     1.4     24.1     0.9   -105.4      1.1     51.9     1.8    290.0     6.05   428.97    20
  29.000   38.000    16.8   0.3    2.1   0.3   0.00    -9.5    0.9     13.9     1.3     24.5     0.9     35.8     1.0     51.6     1.2     -2.0     1.2     26.8     0.9   -102.0      0.9     49.6     1.7    303.0     6.01   402.11    18
  29.500   38.000    17.3   0.3    4.6   0.3   0.00   -12.1    0.8     14.9     1.3     27.1     0.8     34.2     1.1     53.3     1.3     -4.2     1.1     28.8     0.8    -99.8      0.8     49.1     1.7    311.0     6.05   355.78    17
  30.000   38.000    18.0   0.3    6.9   0.3  -0.00   -13.8    0.9     15.0     1.3     28.8     0.9     33.2     1.1     54.3     1.4     -6.2     1.0     30.2     0.8    -98.8      0.8     48.1     1.7    320.0     6.05   280.11    16
  19.000   38.500    17.5   0.4    8.2   0.4   0.00    32.3    1.7    -22.5     1.9     -3.4     1.7     51.7     2.9     51.9     2.9    -22.6     1.9     37.3     1.7     42.4      1.3     29.3     3.5    153.0     6.19   172.08    33
  19.500   38.500    16.2   0.4    6.4   0.4  -0.00    39.3    1.8    -20.9     2.3     -1.3     1.8     54.2     2.8     54.2     2.8    -20.9     2.3     37.6     1.8     44.0      1.4     33.4     3.6    159.0     6.25   242.04    29
  20.000   38.500    15.4   0.3    4.9   0.3  -0.00    45.4    1.9    -22.8     2.6     -3.4     1.9     54.7     2.8     54.8     2.7    -22.9     2.7     38.9     1.9     42.5      1.4     31.9     3.8    161.0     6.30   251.84    21
  20.500   38.500    16.9   0.3    5.4   0.3   0.00    52.4    3.2    -36.5     4.7    -24.0     3.2     45.1     4.2     51.6     3.9    -43.0     4.9     47.3     3.2     29.8      1.9      8.6     6.3    130.0     6.05   205.88     9
  21.000   38.500    15.2   0.3    2.2   0.3   0.00    63.2    3.2    -45.0     4.6    -21.9     3.2     58.8     4.3     63.2     4.3    -49.4     4.6     56.3     3.2     33.6      1.6     13.9     6.3    117.0     6.01   213.49     8
  21.500   38.500    13.4   0.3   -1.5   0.3  -0.00    78.7    3.7    -55.8     5.2     -9.7     3.7     85.5     5.3     86.2     5.4    -56.5     5.0     71.3     3.7     41.1      1.5     29.7     7.4    101.0     6.12   190.83    10
  22.000   38.500    12.5   0.3   -3.4   0.3   0.00    57.1    2.6    -27.8     3.6      4.4     2.6     67.9     3.7     68.0     3.7    -28.0     3.7     48.0     2.6   -132.4      1.6     40.1     5.2    120.0     6.05   214.92    13
  22.500   38.500    12.1   0.3   -4.9   0.3  -0.00    52.0    2.6    -22.3     3.5     10.1     2.6     66.8     3.9     67.9     3.9    -23.5     3.5     45.7     2.6   -128.6      1.7     44.4     5.2    115.0     6.04   116.82    12
  23.000   38.500    11.3   0.3   -6.5   0.3   0.00    49.4    3.4    -22.9     4.0      5.0     3.4     58.0     5.5     58.3     5.5    -23.2     4.0     40.8     3.4   -131.5      2.4     35.1     6.8    106.0     6.03    61.65    11
  23.500   38.500    10.5   0.3   -8.3   0.3  -0.00    43.2    3.8    -26.6     4.7     -3.2     3.8     46.7     6.1     46.8     6.0    -26.7     4.7     36.8     3.8     42.5      3.0     20.1     7.7    103.0     6.03    48.57     9
  24.000   38.500     9.2   0.3  -10.5   0.3   0.00    42.6    4.8    -31.6     7.3    -14.8     4.8     33.2     6.2     36.4     6.8    -34.9     6.8     35.6     4.8     32.7      3.9      1.6     9.6     97.0     6.31    24.24     8
  24.500   38.500     7.7   0.3   -9.9   0.3  -0.00    13.7    4.4    -37.3     6.2     11.3     4.4     46.1     6.2     47.6     5.6    -38.7     6.7     43.2     4.4   -127.4      2.9      8.9     8.7    115.0     6.06   117.56     9
  25.000   38.500     6.0   0.4   -7.2   0.4  -0.00     7.9    3.0    -39.4     3.8     18.8     3.0     49.4     4.5     53.1     4.0    -43.2     4.4     48.2     3.0   -123.5      1.8      9.9     5.9    145.0     6.01   140.99    13
  25.500   38.500     4.7   0.4   -5.7   0.4   0.00     4.6    2.7    -40.5     3.5     21.2     2.7     44.4     4.1     49.4     3.6    -45.5     4.0     47.5     2.7   -121.7      1.6      3.9     5.4    165.0     7.60   157.73    15
  26.000   38.500     5.1   0.4   -4.8   0.4   0.00    -4.1    2.6    -26.5     3.7      9.1     2.6     49.3     3.5     50.4     3.4    -27.6     3.8     39.0     2.6   -128.3      1.9     22.8     5.0    171.0     6.24   115.92    14
  26.500   38.500     9.1   0.3   -4.0   0.3   0.00     1.3    1.4      5.0     2.2     10.3     1.4     43.8     1.7     46.3     1.7      2.4     2.3     22.0     1.4   -121.0      1.8     48.7     2.8    215.0     6.01   475.28    19
  27.000   38.500    13.8   0.3   -3.1   0.3   0.00     5.4    1.1     10.4     1.7     12.4     1.1     44.6     1.2     48.6     1.2      6.4     1.8     21.1     1.1   -117.1      1.4     55.0     2.1    244.0     6.01   412.68    19
  27.500   38.500    14.9   0.3   -2.5   0.3  -0.00     4.9    1.1     11.6     1.8     12.2     1.1     44.8     1.1     48.8     1.1      7.5     1.9     20.7     1.1   -116.8      1.5     56.4     2.1    251.0     6.11   318.22    19
  28.000   38.500    15.4   0.4   -1.8   0.3   0.00     3.5    1.2     16.3     2.1     12.2     1.2     44.8     1.2     49.3     1.1     11.7     2.1     18.8     1.2   -114.7      1.8     61.0     2.4    255.0     6.01   261.17    17
  28.500   38.500    16.1   0.4    1.0   0.3   0.00    -1.6    1.1     14.7     1.7     19.0     1.1     38.6     1.2     49.1     1.2      4.2     1.7     22.5     1.1   -106.0      1.3     53.3     2.1    282.0     6.01   385.37    18
  29.000   38.500    17.0   0.4    3.3   0.3   0.00    -5.8    1.0     15.2     1.6     22.6     1.0     35.2     1.2     50.0     1.3      0.5     1.5     24.8     1.0   -101.9      1.1     50.4     1.9    291.0     6.18   371.56    18
  29.500   38.500    17.8   0.3    5.8   0.3   0.00    -9.4    1.0     15.2     1.5     25.7     1.0     32.7     1.2     51.1     1.4     -3.2     1.3     27.1     1.0    -99.4      1.0     47.9     1.9    301.0     6.01   318.66    17
  30.000   38.500    18.4   0.3    7.5   0.3   0.00   -10.9    0.7     13.6     1.0     24.4     0.7     26.4     1.0     45.2     1.2     -5.2     0.8     25.2     0.7    -97.3      0.8     40.0     1.4    357.0     6.04   767.30    24
  19.000   39.000    20.6   0.3   12.3   0.3  -0.00    21.5    2.2    -19.3     2.6     -8.0     2.2     40.5     3.5     41.6     3.4    -20.3     2.7     30.9     2.2     37.5      2.0     21.3     4.4    130.0     6.36    49.22    22
  19.500   39.000    19.7   0.3   11.0   0.3  -0.00    28.0    2.4    -19.9     3.2    -10.9     2.4     39.4     3.6     41.4     3.3    -21.8     3.5     31.6     2.4     34.9      2.2     19.5     4.8    136.0     6.01   109.69    18
  20.000   39.000    18.7   0.3    9.3   0.3  -0.00    36.1    2.4    -17.9     3.4    -12.0     2.4     39.6     3.3     42.0     3.0    -20.3     3.6     31.2     2.4     33.7      2.2     21.7     4.7    142.0     6.13   180.30    14
  20.500   39.000    18.0   0.3    7.3   0.3   0.00    43.1    2.5    -22.6     3.7    -16.6     2.5     39.4     3.4     43.6     3.1    -26.8     4.0     35.2     2.5     30.9      2.1     16.8     5.0    133.0     6.01   206.45    12
  21.000   39.000    17.4   0.3    5.2   0.3   0.00    50.6    2.4    -24.0     3.5    -12.3     2.4     50.2     3.3     52.2     3.3    -26.0     3.5     39.1     2.4     35.8      1.8     26.2     4.8    128.0     6.20   256.33    13
  21.500   39.000    16.8   0.3    3.0   0.3   0.00    59.8    2.7    -20.0     4.0     -1.0     2.7     72.4     3.7     72.4     3.7    -20.0     4.0     46.2     2.7     44.4      1.7     52.4     5.4    109.0     6.18   186.27    11
  22.000   39.000    15.9   0.3    0.5   0.3   0.00    63.0    3.4    -21.3     5.3     13.8     3.4     80.8     4.1     82.7     4.0    -23.1     5.4     52.9     3.4   -127.5      1.8     59.5     6.7    102.0     6.03    87.00    10
  22.500   39.000    15.2   0.3   -1.3   0.3   0.00    61.7    3.2    -21.1     4.7     15.0     3.2     76.3     4.2     78.6     4.3    -23.4     4.7     51.0     3.2   -126.4      1.8     55.2     6.4    105.0     6.08    66.90    10
  23.000   39.000    14.6   0.3   -2.9   0.3  -0.00    53.4    3.0    -32.5     4.1      3.9     3.0     63.9     4.4     64.1     4.5    -32.7     4.0     48.4     3.0   -132.7      1.8     31.4     6.0    110.0     6.02    58.21    11
  23.500   39.000    13.0   0.3   -4.8   0.3   0.00    46.3    2.8    -38.4     3.7     -1.8     2.8     60.2     4.1     60.3     4.1    -38.4     3.7     49.3     2.7     43.9      1.6     21.9     5.5    112.0     6.14    87.70    11
  24.000   39.000    11.1   0.3   -6.5   0.3   0.00    38.3    2.9    -45.3     4.2     -5.7     2.9     64.0     4.1     64.3     4.1    -45.6     4.1     55.0     2.9     42.0      1.5     18.8     5.8    113.0     6.00   114.70    10
  24.500   39.000     9.4   0.3   -7.9   0.3   0.00    22.5    3.6    -43.4     5.0      5.3     3.6     68.4     5.2     68.6     5.0    -43.6     5.1     56.1     3.6   -132.3      1.8     25.0     7.2    112.0     6.05   179.55    10
  25.000   39.000     7.7   0.3   -5.2   0.3   0.00     4.9    3.1    -40.7     4.1     20.4     3.1     57.4     4.6     61.5     4.1    -44.8     4.6     53.1     3.1   -123.7      1.7     16.7     6.2    124.0     6.03   111.52    10
  25.500   39.000     6.2   0.3   -3.9   0.3   0.00     3.3    3.7    -41.6     4.6     25.9     3.7     55.4     5.7     61.9     5.0    -48.1     5.4     55.0     3.7   -120.9      1.9     13.8     7.3    128.0     6.01    63.65     9
  26.000   39.000     6.3   0.3   -3.0   0.3   0.00    17.8    1.9    -29.6     2.7     24.4     1.9     57.0     2.6     63.4     2.5    -36.0     2.8     49.7     1.9   -120.3      1.1     27.3     3.8    190.0     6.27   344.73    17
  26.500   39.000    12.6   0.4   -1.9   0.3   0.00    12.8    1.3      0.9     1.8     17.7     1.3     49.2     1.6     55.0     1.5     -4.9     2.0     29.9     1.3   -116.9      1.2     50.1     2.4    226.0     6.03   502.32    20
  27.000   39.000    12.9   0.4   -1.1   0.3   0.00    10.5    1.3      6.7     1.8     17.6     1.3     47.7     1.6     54.2     1.4      0.3     2.1     27.0     1.3   -114.7      1.3     54.5     2.5    231.0     6.23   449.85    19
  27.500   39.000    14.1   0.4   -0.4   0.3   0.00     9.0    1.3      9.7     2.0     16.5     1.3     46.9     1.6     53.2     1.4      3.4     2.2     24.9     1.3   -114.2      1.4     56.5     2.5    238.0     6.03   350.09    17
  28.000   39.000    15.2   0.4    0.4   0.4   0.00     7.5    1.4     11.7     2.2     15.6     1.4     46.1     1.7     52.1     1.4      5.7     2.4     23.2     1.4   -113.9      1.7     57.8     2.7    243.0     6.01   263.04    16
  28.500   39.000    16.4   0.4    1.1   0.4   0.00     5.8    1.5     12.6     2.4     14.7     1.5     45.5     1.7     51.1     1.4      7.0     2.6     22.1     1.5   -114.1      1.9     58.2     2.9    256.0     6.05   198.00    14
  29.000   39.000    17.2   0.4    4.6   0.3  -0.00    -4.3    1.2     16.1     1.8     21.1     1.2     34.4     1.4     48.2     1.4      2.2     1.9     23.0     1.2   -101.7      1.4     50.5     2.3    284.0     6.08   263.91    19
  29.500   39.000    18.3   0.4    6.7   0.4   0.00    -5.2    1.2     14.8     1.9     23.6     1.2     31.7     1.5     48.3     1.7     -1.8     1.8     25.1     1.2    -99.8      1.4     46.5     2.4    287.0     6.09   252.31    16
  30.000   39.000    19.0   0.3    7.7   0.3   0.00    -7.8    0.7     12.3     1.0     20.9     0.7     20.9     0.9     37.9     1.1     -4.7     0.8     21.3     0.7    -95.8      0.9     33.3     1.4    363.0     6.01   918.51    25
  19.000   39.500    21.4   0.3   14.8   0.4   0.00    20.4    3.2    -18.7     3.4     -4.8     3.2     33.8     5.4     34.2     5.3    -19.2     3.6     26.7     3.2     39.8      3.4     15.1     6.4    117.0     6.22    22.89    19
  19.500   39.500    20.4   0.3   12.7   0.3   0.00    27.5    2.1    -14.0     2.7     -6.6     2.1     31.0     3.3     31.9     3.1    -14.9     2.9     23.4     2.1     36.9      2.6     17.0     4.3    133.0     6.43    96.79    21
  20.000   39.500    19.8   0.3   11.6   0.3   0.00    35.9    2.3    -12.8     3.3    -10.7     2.3     34.2     3.2     36.5     3.0    -15.1     3.5     25.8     2.3     32.8      2.5     21.5     4.6    140.0     6.16   128.97    15
  20.500   39.500    19.5   0.3    9.4   0.3   0.00    40.3    2.0    -11.0     2.9    -10.0     2.0     33.6     2.8     35.8     2.6    -13.1     3.1     24.5     2.0     32.9      2.4     22.6     4.0    142.0     6.30   164.80    12
  21.000   39.500    19.2   0.3    7.6   0.3   0.00    43.1    2.0     -6.5     3.0     -7.5     2.0     38.7     2.7     39.9     2.7     -7.7     3.0     23.8     2.0     35.8      2.4     32.3     4.0    137.0     6.56   207.94    13
  21.500   39.500    18.9   0.3    5.3   0.3  -0.00    46.4    2.1     -7.1     3.2     -1.5     2.1     48.2     2.8     48.3     2.8     -7.1     3.2     27.7     2.1     43.5      2.2     41.1     4.2    133.0     6.01   221.62    13
  22.000   39.500    19.6   0.3    4.6   0.3   0.00    55.1    3.3     -9.1     5.0      7.5     3.3     63.4     4.3     64.2     4.3     -9.9     5.0     37.0     3.3   -129.1      2.6     54.3     6.6    110.0     6.03    91.04    12
  22.500   39.500    19.3   0.3    2.8   0.3   0.00    63.6    4.5    -32.8     7.4      1.0     4.5     60.8     5.1     60.8     5.1    -32.8     7.4     46.8     4.5   -134.4      2.8     28.0     9.0     98.0     6.03    27.31     9
  23.000   39.500    17.7   0.3    0.7   0.3  -0.00    54.1    2.9    -42.6     4.3      2.3     2.9     60.1     3.9     60.2     3.9    -42.7     4.2     51.4     2.9   -133.7      1.6     17.5     5.8    113.0     6.01    58.79    11
  23.500   39.500    15.9   0.3   -1.0   0.3   0.00    46.6    2.4    -47.7     3.3      2.2     2.4     63.7     3.4     63.7     3.4    -47.7     3.3     55.7     2.4   -133.9      1.2     16.0     4.7    119.0     6.04    97.89    13
  24.000   39.500    13.8   0.3   -2.1   0.3   0.00    38.0    2.3    -51.5     3.1      5.6     2.3     72.4     3.3     72.7     3.3    -51.8     3.1     62.2     2.3   -132.4      1.0     20.9     4.5    125.0     6.05   164.07    12
  24.500   39.500    11.6   0.3   -2.9   0.3  -0.00    25.1    2.6    -52.5     3.6     12.7     2.6     79.3     3.8     80.5     3.7    -53.7     3.7     67.1     2.6   -129.6      1.1     26.8     5.3    121.0     6.02   188.52    11
  25.000   39.500     9.1   0.3   -3.3   0.3   0.00    -1.7    3.4    -42.7     4.5     25.1     3.4     83.4     5.1     88.2     4.9    -47.5     4.7     67.9     3.4   -124.2      1.4     40.7     6.8    110.0     6.03   101.17    10
  25.500   39.500     8.9   0.3   -0.6   0.3   0.00    14.5    3.1    -49.0     4.2     35.5     3.1     69.5     4.6     79.3     4.7    -58.8     4.1     69.1     3.1   -119.5      1.3     20.5     6.2    126.0     6.01    74.68    10
  26.000   39.500     6.8   0.3    0.7   0.3   0.00     9.7    4.2    -38.5     5.7     40.4     4.2     72.0     6.1     85.2     6.7    -51.6     5.0     68.4     4.2   -116.9      1.7     33.5     8.3    128.0     6.27    51.82     8
  26.500   39.500     7.1   0.3    1.2   0.3   0.00    32.3    3.1    -18.4     4.1     43.9     3.1     55.9     4.6     76.3     4.3    -38.8     4.5     57.5     3.1   -110.1      1.5     37.5     6.2    151.0     6.02    86.29    11
  27.000   39.500    13.6   0.4    1.2   0.3  -0.00    15.7    1.6      4.2     2.0     21.5     1.6     49.1     2.2     57.8     1.8     -4.4     2.5     31.1     1.6   -113.1      1.3     53.3     3.0    231.0     6.00   324.01    17
  27.500   39.500    14.6   0.4    1.8   0.3  -0.00    12.7    1.7      7.9     2.2     20.2     1.7     47.9     2.3     56.3     1.8     -0.5     2.7     28.4     1.7   -112.4      1.6     55.8     3.2    236.0     6.04   245.20    15
  28.000   39.500    14.7   0.4    2.4   0.4  -0.00    16.6    1.8      3.3     2.4     22.4     1.8     49.5     2.5     58.6     2.1     -5.7     2.9     32.2     1.8   -112.9      1.5     52.9     3.5    233.0     6.02   206.89    13
  28.500   39.500    15.2   0.5    3.3   0.5   0.00    14.4    2.1      8.0     2.8     22.1     2.1     47.4     2.8     57.2     2.2     -1.9     3.5     29.6     2.1   -110.9      1.9     55.3     4.0    235.0     6.03   161.43    12
  29.000   39.500    17.6   0.4    5.9   0.3   0.00    -0.1    1.3     14.5     1.9     20.8     1.3     36.0     1.7     48.6     1.5      1.9     2.1     23.4     1.3   -103.7      1.6     50.5     2.6    283.0     7.05   252.43    18
  29.500   39.500    18.3   0.5    7.4   0.4   0.00     1.7    1.7     14.6     2.4     22.9     1.7     33.3     2.3     48.7     2.1     -0.8     2.7     24.8     1.7   -101.1      1.9     47.9     3.3    271.0     6.28   186.69    14
  30.000   39.500    19.3   0.3    7.7   0.3  -0.00    -4.2    0.7     10.5     1.0     16.6     0.7     15.8     0.9     30.0     1.0     -3.6     0.9     16.8     0.7    -94.5      1.1     26.4     1.3    366.0     6.04   997.54    25
  19.000   40.000    21.8   0.3   15.7   0.3   0.00    20.9    2.5    -10.8     2.5     -1.1     2.5      5.2     4.4      5.2     4.4    -10.9     2.6      8.1     2.5     41.2      9.1     -5.7     5.1    121.0     6.15    36.26    23
  19.500   40.000    21.7   0.3   13.6   0.3   0.00    26.6    1.9     -7.7     2.4     -4.1     1.9     14.7     2.9     15.5     3.0     -8.4     2.3     12.0     1.9     34.9      4.5      7.0     3.8    137.0     6.10    72.03    24
  20.000   40.000    21.1   0.3   13.2   0.3   0.00    35.2    2.4     -7.7     3.3     -6.4     2.4     14.1     3.5     15.9     3.6     -9.5     3.2     12.7     2.4     29.8      5.4      6.4     4.8    135.0     6.26    77.37    14
  20.500   40.000    21.0   0.3   11.2   0.3   0.00    37.5    2.2     -5.2     3.0     -7.7     2.2     20.8     3.1     22.9     3.1     -7.3     3.0     15.1     2.2     29.6      4.1     15.6     4.3    139.0     6.05    95.39    11
  21.000   40.000    20.9   0.3    9.2   0.3   0.00    38.0    2.1     -1.3     3.0     -5.7     2.1     25.7     3.0     26.9     2.9     -2.5     3.1     14.7     2.1     33.5      4.1     24.4     4.2    139.0     6.00   127.98    12
  21.500   40.000    20.6   0.3    7.2   0.3   0.00    39.0    2.0     -1.2     2.9     -1.3     2.0     33.3     2.7     33.3     2.7     -1.2     2.9     17.3     2.0     42.8      3.3     32.1     4.0    140.0     6.06   165.77    15
  22.000   40.000    20.3   0.3    6.0   0.3   0.00    35.7    2.0    -11.7     2.8     -1.4     2.0     37.2     2.8     37.3     2.8    -11.7     2.8     24.5     2.0     43.4      2.3     25.5     4.0    146.0     6.04   199.48    17
  22.500   40.000    21.8   0.3    5.4   0.3   0.00    40.2    3.0    -13.6     4.5      3.0     3.0     39.6     4.0     39.7     4.0    -13.8     4.5     26.8     3.0   -131.8      3.2     25.9     6.0    117.0     6.01    90.81    14
  23.000   40.000    20.4   0.3    3.9   0.3   0.00    43.5    2.5    -38.1     3.6      8.0     2.5     55.0     3.4     55.7     3.4    -38.7     3.6     47.2     2.5   -130.1      1.5     17.0     5.0    126.0     6.04   126.55    14
  23.500   40.000    18.8   0.3    3.0   0.3  -0.00    42.8    2.3    -47.7     3.2     10.7     2.3     63.4     3.2     64.4     3.2    -48.7     3.2     56.6     2.3   -129.6      1.2     15.6     4.5    129.0     6.10   130.94    13
  24.000   40.000    16.9   0.3    1.9   0.3   0.00    39.9    2.3    -54.3     3.1     15.9     2.3     70.4     3.3     72.4     3.3    -56.3     3.1     64.3     2.3   -127.8      1.0     16.0     4.5    126.0     6.18   138.64    12
  24.500   40.000    14.7   0.3    1.4   0.3   0.00    35.8    2.5    -57.9     3.7     22.7     2.5     75.6     3.4     79.4     3.5    -61.6     3.7     70.5     2.5   -125.6      1.0     17.7     5.1    123.0     6.07   150.21    11
  25.000   40.000    12.3   0.3    1.3   0.3   0.00    28.3    3.4    -58.5     5.5     35.8     3.4     79.7     3.9     88.4     4.3    -67.2     5.2     77.8     3.4   -121.3      1.2     21.2     6.8    117.0     6.06   130.22    10
  25.500   40.000    12.5   0.3    3.3   0.3  -0.00    23.6    3.2    -43.7     5.0     42.0     3.2     71.5     4.2     85.2     5.1    -57.3     4.1     71.3     3.3   -117.0      1.3     27.9     6.5    132.0     6.07    78.41    10
  26.000   40.000    12.1   0.3    3.8   0.3   0.00    34.7    2.4    -27.1     3.4     41.4     2.4     62.4     3.3     78.6     3.6    -43.3     3.1     60.9     2.4   -113.6      1.1     35.2     4.8    154.0     6.05   117.85    12
  26.500   40.000    12.4   0.3    4.0   0.3  -0.00    41.8    2.1    -16.1     2.8     43.7     2.1     56.7     3.1     77.2     2.8    -36.5     3.0     56.9     2.1   -109.9      1.0     40.6     4.1    164.0     6.13    96.17    12
  27.000   40.000    12.4   0.3    4.2   0.3   0.00    43.2    2.1    -12.1     2.6     44.8     2.1     53.9     3.2     76.5     2.5    -34.7     3.3     55.6     2.1   -108.2      1.1     41.8     4.1    175.0     6.27    69.83    11
  27.500   40.000    12.5   0.3    4.6   0.3   0.00    43.0    2.5    -11.6     3.1     46.0     2.5     51.7     3.8     75.8     2.6    -35.8     4.2     55.8     2.5   -107.3      1.3     40.1     4.9    179.0     6.03    47.81    10
  28.000   40.000    16.3   0.4    5.3   0.3  -0.00    13.7    2.0      5.5     2.5     24.5     2.0     42.7     3.0     54.9     2.3     -6.7     3.3     30.8     2.1   -108.6      1.8     48.2     3.9    233.0     6.42   183.51    15
  28.500   40.000    16.9   0.4    6.3   0.4  -0.00    10.7    2.3     10.0     2.8     23.9     2.3     39.7     3.3     53.0     2.5     -3.3     3.7     28.1     2.3   -105.9      2.2     49.7     4.3    237.0     6.85   141.41    14
  29.000   40.000    17.5   0.4    7.1   0.4   0.00    11.5    2.4      5.9     2.9     22.7     2.4     40.5     3.5     51.7     2.8     -5.4     3.8     28.6     2.4   -108.6      2.3     46.3     4.6    243.0     6.62   129.65    12
  29.500   40.000    19.6   0.3    7.9   0.3  -0.00     0.6    0.9      8.8     1.3     14.5     0.9     19.1     1.2     29.3     1.2     -1.4     1.4     15.4     0.9    -99.7      1.7     27.9     1.8    334.0     6.01   682.61    23
  30.000   40.000    20.3   0.3    8.4   0.3   0.00    -0.8    0.8      8.7     1.2     13.3     0.8     12.9     1.0     24.3     1.1     -2.6     1.2     13.4     0.8    -94.5      1.7     21.6     1.6    349.0     6.00   770.13    23
  19.000   40.500    23.8   0.4   16.3   0.4   0.00    26.6    3.3    -13.5     3.3     -0.6     3.3     -8.8     5.8     -8.7     5.8    -13.6     3.2      2.4     3.3     37.7     39.1    -22.2     6.6    111.0     6.10    17.40    15
  19.500   40.500    23.2   0.3   15.1   0.3   0.00    28.8    2.7    -12.6     3.3     -0.8     2.7     -5.8     4.4     -5.7     4.5    -12.7     3.1      3.5     2.7     38.4     22.3    -18.4     5.5    123.0     6.84    15.03    14
  20.000   40.500    22.8   0.3   13.8   0.3   0.00    30.2    2.5     -7.6     3.2     -6.2     2.5      2.6     3.8      5.5     4.0    -10.5     2.9      8.0     2.5     19.8      8.9     -5.0     5.0    135.0     6.24    33.22    14
  20.500   40.500    22.6   0.3   12.2   0.3  -0.00    31.8    2.5     -1.7     3.5     -6.9     2.5      7.7     3.7     11.4     3.9     -5.4     3.3      8.4     2.5     17.1      8.7      6.0     5.1    136.0     6.03    36.77    11
  21.000   40.500    22.6   0.3   10.5   0.3   0.00    31.3    2.5      2.2     3.5     -5.9     2.5     11.1     3.7     14.0     3.5     -0.8     3.7      7.4     2.6     18.5      9.8     13.2     5.1    132.0     6.02    41.95    12
  21.500   40.500    22.9   0.3    9.2   0.3   0.00    28.4    2.4      5.1     3.2     -2.5     2.4     19.1     3.6     19.6     3.5      4.7     3.4      7.5     2.4     35.1      9.3     24.2     4.8    134.0     6.05    53.90    13
  22.000   40.500    22.3   0.3    8.0   0.3   0.00    26.1    2.1     -5.7     3.0     -1.4     2.1     29.2     3.1     29.3     3.1     -5.8     3.0     17.5     2.1     42.6      3.5     23.5     4.3    145.0     6.01   123.28    15
  22.500   40.500    22.3   0.3    7.4   0.3   0.00    24.6    2.2    -11.2     3.0     -0.4     2.2     33.5     3.2     33.5     3.2    -11.2     3.1     22.4     2.2     44.5      2.8     22.2     4.4    138.0     6.12   147.21    15
  23.000   40.500    22.7   0.3    6.8   0.3   0.00    30.2    2.6    -25.5     3.3      8.9     2.6     47.0     3.8     48.1     3.8    -26.6     3.4     37.4     2.5   -128.1      2.0     21.5     5.1    131.0     6.33   162.69    14
  23.500   40.500    21.7   0.3    6.5   0.3   0.00    32.6    2.5    -38.5     3.5     12.8     2.5     52.8     3.6     54.6     3.5    -40.3     3.6     47.4     2.5   -127.2      1.5     14.3     5.0    129.0     6.01   165.88    13
  24.000   40.500    20.5   0.3    5.8   0.3   0.00    38.6    2.6    -48.8     3.5     23.2     2.6     63.8     3.8     68.4     3.7    -53.4     3.6     60.9     2.6   -123.8      1.2     15.0     5.1    126.0     6.50   140.43    11
  24.500   40.500    19.2   0.3    5.7   0.3   0.00    38.3    2.6    -45.5     3.9     29.5     2.6     67.4     3.6     74.7     3.7    -52.7     3.8     63.7     2.7   -121.2      1.2     22.0     5.3    128.0     6.46   126.38    11
  25.000   40.500    17.7   0.3    5.9   0.3  -0.00    35.5    3.2    -41.6     5.0     38.6     3.2     69.6     3.9     81.7     4.6    -53.7     4.4     67.7     3.2   -117.6      1.3     27.9     6.4    128.0     6.08    98.60    10
  25.500   40.500    16.8   0.3    6.4   0.3   0.00    40.2    2.7    -26.8     4.0     41.1     2.7     62.0     3.6     78.1     4.3    -42.9     3.4     60.5     2.7   -113.6      1.3     35.2     5.4    146.0     6.41   114.51    13
  26.000   40.500    16.4   0.3    6.1   0.3   0.00    33.7    1.7    -11.5     2.1     35.9     1.7     52.0     2.7     68.1     2.5    -27.6     2.3     47.9     1.7   -110.8      1.0     40.5     3.4    182.0     6.00   229.29    14
  26.500   40.500    16.7   0.3    6.4   0.3   0.00    36.6    1.8     -6.4     2.2     39.8     1.8     50.9     2.8     71.3     2.3    -26.7     2.7     49.0     1.8   -107.9      1.0     44.5     3.5    184.0     6.18   157.31    14
  27.000   40.500    16.9   0.3    6.7   0.3   0.00    37.9    2.1     -4.7     2.6     42.3     2.1     49.1     3.3     72.3     2.4    -27.9     3.5     50.1     2.1   -106.2      1.2     44.4     4.2    186.0     6.09    86.32    12
  27.500   40.500    17.2   0.3    7.1   0.3   0.00    38.2    2.6     -5.2     3.2     44.4     2.6     47.0     4.1     72.4     2.6    -30.7     4.5     51.5     2.6   -105.2      1.4     41.7     5.2    190.0     6.05    50.89    10
  28.000   40.500    17.3   0.3    7.8   0.3   0.00    32.6    2.4     -3.0     3.0     40.5     2.4     42.4     3.9     66.1     2.6    -26.7     4.1     46.4     2.4   -104.7      1.5     39.4     4.9    201.0     6.01   114.39     9
  28.500   40.500    17.6   0.3    8.5   0.3  -0.00    22.3    3.1      8.2     4.1     38.8     3.1     32.7     4.8     61.2     2.6    -20.2     5.7     40.7     3.2    -98.8      2.2     40.9     6.3    206.0     6.03    81.88     8
  29.000   40.500    19.3   0.2    9.4   0.2   0.00     9.0    1.7     13.1     2.2     25.2     1.7     32.0     2.4     49.4     2.0     -4.4     2.7     26.9     1.7   -100.3      1.7     45.0     3.3    267.0    10.82   238.97    16
  29.500   40.500    19.9   0.3    8.2   0.3   0.00     3.2    0.9      6.2     1.4     11.0     0.9     15.0     1.2     22.4     1.1     -1.3     1.5     11.8     0.9   -101.0      2.3     21.2     1.9    333.0     6.12   656.32    23
  30.000   40.500    20.5   0.3    7.9   0.3   0.00     1.7    0.8      6.9     1.2      9.4     0.8      9.0     1.0     17.4     1.0     -1.5     1.2      9.5     0.8    -93.1      2.4     15.9     1.6    353.0     6.10   785.51    26
  19.000   41.000    23.6   0.3   16.2   0.3   0.00    17.6    2.0     -3.3     2.6     -9.5     2.0     -3.1     3.0      6.3     2.9    -12.7     2.7      9.5     2.0      0.3      6.0     -6.4     4.0    122.0     6.37    32.02    21
  19.500   41.000    23.6   0.3   15.1   0.3   0.00    21.0    2.1     -1.8     2.7     -9.1     2.1     -2.7     3.2      6.9     3.1    -11.4     2.8      9.1     2.1     -1.4      6.6     -4.5     4.2    132.0     6.49    26.17    17
  20.000   41.000    23.6   0.3   13.8   0.3   0.00    24.0    2.3     -0.7     3.1     -8.5     2.3     -1.7     3.5      7.4     3.4     -9.7     3.1      8.6     2.3     -1.7      7.8     -2.3     4.6    141.0     6.19    20.19    13
  20.500   41.000    23.2   0.3   13.0   0.3   0.00    22.5    1.7     -0.8     2.1     -7.8     1.7     10.5     2.6     14.5     2.5     -4.7     2.3      9.6     1.7     18.1      5.0      9.7     3.3    165.0     6.21    97.38    21
  21.000   41.000    23.7   0.3   11.6   0.3   0.00    23.7    2.3     -1.2     2.9     -6.3     2.3     15.2     3.5     17.3     3.5     -3.3     2.9     10.3     2.3     26.1      6.3     14.0     4.5    153.0     6.07    55.63    14
  21.500   41.000    23.7   0.3   10.5   0.3   0.00    20.4    2.4     -0.3     3.2     -4.6     2.4     20.4     3.7     21.3     3.8     -1.3     3.1     11.3     2.5     33.0      6.2     20.1     4.9    145.0     6.05    56.98    12
  22.000   41.000    23.1   0.3    9.8   0.3   0.00    18.6    2.1     -7.8     2.9     -2.8     2.1     26.4     3.1     26.6     3.2     -8.0     2.9     17.3     2.1     40.4      3.5     18.6     4.3    151.0     6.01    88.73    13
  22.500   41.000    22.7   0.3    9.2   0.3   0.00    16.2    2.0    -10.5     2.8     -1.4     2.0     27.8     2.8     27.9     2.9    -10.6     2.8     19.2     2.0     42.9      3.0     17.3     4.0    150.0     6.03   110.51    12
  23.000   41.000    22.4   0.3    8.8   0.3  -0.00    15.9    2.0    -15.6     2.9      1.5     2.0     31.1     2.8     31.2     2.8    -15.6     2.9     23.4     2.0   -133.2      2.5     15.6     4.0    149.0     6.39   173.30    12
  23.500   41.000    22.6   0.3    8.5   0.3   0.00    14.2    2.5    -20.0     3.6      7.4     2.5     38.1     3.5     39.1     3.5    -20.9     3.6     30.0     2.5   -127.9      2.4     18.2     5.0    137.0     6.01   182.83    10
  24.000   41.000    23.4   0.4    9.0   0.3   0.00    20.0    3.4    -27.6     4.5     17.3     3.4     49.6     5.1     53.3     4.9    -31.3     4.8     42.3     3.4   -122.9      2.3     22.1     6.8    119.0     6.05   143.74     8
  24.500   41.000    22.7   0.3    9.2   0.3   0.00    22.7    3.6    -19.1     5.2     23.5     3.6     53.0     5.1     60.0     5.2    -26.0     5.0     43.0     3.6   -118.4      2.4     33.9     7.2    123.0     6.27   148.28     9
  25.000   41.000    22.0   0.3    9.6   0.3  -0.00    33.4    3.5    -29.0     5.5     35.1     3.5     62.3     4.5     74.2     5.2    -41.0     4.8     57.6     3.5   -116.2      1.7     33.3     7.1    140.0     6.61   129.20     9
  25.500   41.000    18.8   0.3    7.8   0.3  -0.00    25.4    1.6    -14.2     2.2     25.6     1.6     43.5     2.4     53.2     2.5    -23.9     2.1     38.6     1.7   -114.2      1.2     29.4     3.3    187.0     6.04   371.45    16
  26.000   41.000    18.9   0.3    7.9   0.3   0.00    23.9    1.4     -8.8     1.8     26.4     1.4     42.7     2.1     53.8     2.1    -19.9     1.9     36.8     1.4   -112.1      1.1     33.9     2.8    201.0     6.06   411.96    16
  26.500   41.000    18.8   0.3    8.1   0.3   0.00    24.8    1.4     -1.1     1.8     29.4     1.4     38.8     2.2     54.4     2.0    -16.7     2.1     35.5     1.4   -107.1      1.2     37.7     2.9    201.0     6.03   348.47    16
  27.000   41.000    18.9   0.3    8.3   0.3   0.00    22.4    1.6      4.9     2.0     30.5     1.6     36.0     2.4     54.7     2.0    -13.8     2.5     34.2     1.6   -103.5      1.3     40.8     3.1    201.0     6.02   290.41    15
  27.500   41.000    19.0   0.3    8.5   0.3   0.00    17.5    1.7     11.4     2.2     30.1     1.7     31.3     2.6     53.1     1.9    -10.4     2.8     31.7     1.7    -99.2      1.6     42.7     3.4    208.0     6.21   244.51    12
  28.000   41.000    19.7   0.3    9.0   0.3  -0.00    14.8    2.3     15.8     3.0     31.8     2.3     27.8     3.4     54.2     2.3    -10.6     3.9     32.4     2.3    -95.3      2.0     43.5     4.6    196.0     6.03   145.84    11
  28.500   41.000    20.6   0.3    9.8   0.3   0.00    11.5    2.6     17.8     3.5     30.7     2.6     23.9     3.8     51.7     2.7    -10.1     4.4     30.9     2.6    -92.8      2.4     41.6     5.2    200.0     6.12   120.31     9
  29.000   41.000    21.7   0.3   10.7   0.3   0.00    11.2    3.5     14.9     4.8     33.1     3.5     20.2     5.0     50.8     3.8    -15.7     5.8     33.2     3.5    -92.3      3.0     35.1     6.9    199.0     6.47    77.81     7
  29.500   41.000    21.5   0.3   11.4   0.3   0.00     2.6    2.2     16.4     3.4     19.5     2.2     10.9     2.9     33.3     2.9     -6.0     3.4     19.7     2.2    -86.0      3.3     27.4     4.5    243.0     6.88   149.35    10
  30.000   41.000    19.5   0.3    6.6   0.3   0.00     6.6    0.8      5.7     1.2      7.2     0.8     10.0     1.0     15.4     0.9      0.3     1.3      7.5     0.8    -98.3      3.0     15.7     1.6    355.0     6.04   784.30    24
  19.000   41.500    23.7   0.3   16.1   0.3  -0.00    14.9    1.7      0.4     2.3    -11.3     1.7     -1.1     2.6     11.0     2.2    -11.7     2.6     11.4     1.7     -1.8      4.3     -0.7     3.4    135.0     6.35    27.54    24
  19.500   41.500    23.8   0.3   14.8   0.3   0.00    17.0    1.9      1.3     2.5    -11.6     1.9     -2.4     2.8     11.2     2.4    -12.3     2.9     11.7     1.9     -4.6      4.5     -1.1     3.7    144.0     6.85    24.44    21
  20.000   41.500    23.2   0.3   14.2   0.3   0.00    15.4    1.5     -0.7     2.1     -8.7     1.5      1.7     2.1      9.3     1.9     -8.3     2.3      8.8     1.5      4.0      4.9      1.0     3.0    166.0     6.00    56.62    27
  20.500   41.500    23.2   0.3   13.6   0.3   0.00    14.4    1.3      0.2     1.7     -7.3     1.3      8.1     2.0     12.4     1.9     -4.2     1.7      8.3     1.3     14.3      4.5      8.3     2.6    179.0     6.26   109.46    28
  21.000   41.500    23.3   0.3   12.8   0.3  -0.00    14.3    1.4     -1.0     1.8     -6.5     1.4     15.2     2.1     17.5     2.1     -3.3     1.8     10.4     1.4     25.6      3.8     14.2     2.8    184.0     6.19   115.80    22
  21.500   41.500    23.2   0.3   12.1   0.3  -0.00    15.3    1.6     -3.7     2.2     -4.4     1.6     19.8     2.3     20.6     2.4     -4.4     2.1     12.5     1.6     34.8      3.6     16.2     3.2    183.0     6.03   117.10    19
  22.000   41.500    23.8   0.3   11.2   0.3   0.00    11.9    2.3     -5.3     3.3     -5.0     2.3     22.1     3.4     23.0     3.6     -6.2     3.0     14.6     2.3     34.9      4.6     16.8     4.7    154.0     6.04    37.39    10
  22.500   41.500    23.5   0.3   10.6   0.3   0.00    10.3    2.3     -6.9     3.4     -3.8     2.3     22.1     3.1     22.6     3.3     -7.4     3.2     15.0     2.3     37.6      4.3     15.2     4.6    150.0     6.02    52.24    10
  23.000   41.500    23.3   0.3   10.2   0.3   0.00     8.3    2.1     -6.7     3.1     -0.2     2.1     21.2     2.8     21.2     2.8     -6.7     3.1     14.0     2.1     44.6      4.3     14.5     4.2    151.0     6.34    91.42    11
  23.500   41.500    23.4   0.3   10.1   0.3   0.00     3.9    2.4     -4.9     3.6      2.9     2.4     22.4     3.1     22.7     3.2     -5.2     3.5     13.9     2.4   -129.0      4.9     17.5     4.8    146.0     6.01   101.11     9
  24.000   41.500    23.2   0.3   10.3   0.3   0.00     2.2    3.4     -1.3     5.0      9.6     3.4     26.0     4.5     29.0     5.2     -4.3     4.3     16.7     3.4   -117.5      5.8     24.7     6.7    131.0     6.04   113.67     8
  24.500   41.500    23.6   0.3   11.0   0.3  -0.00     3.8    4.2     11.5     6.3     16.5     4.2     30.0     5.5     39.7     7.3      1.8     4.0     18.9     4.1   -104.7      6.4     41.5     8.4    135.0     6.74   105.17     8
  25.000   41.500    19.3   0.3    8.4   0.3   0.00    17.5    1.6    -19.5     2.4     11.1     1.6     31.0     2.1     33.3     2.2    -21.9     2.3     27.6     1.6   -123.2      1.6     11.5     3.2    195.0     6.23   309.92    17
  25.500   41.500    19.7   0.3    8.7   0.3   0.00    17.8    1.4    -10.5     2.0     15.6     1.4     30.5     2.0     35.8     2.1    -15.8     1.9     25.8     1.4   -116.4      1.5     20.0     2.8    201.0     6.07   399.68    17
  26.000   41.500    19.4   0.3    8.6   0.3  -0.00    16.4    1.2     -2.9     1.7     18.0     1.2     28.1     1.7     36.3     1.7    -11.1     1.6     23.7     1.2   -110.4      1.4     25.2     2.4    212.0     6.07   449.31    17
  26.500   41.500    19.8   0.3    9.0   0.3  -0.00    14.3    1.2      3.1     1.7     19.0     1.2     26.9     1.8     37.4     1.7     -7.5     1.7     22.4     1.2   -106.0      1.5     30.0     2.4    212.0     6.04   441.66    16
  27.000   41.500    19.9   0.3    9.2   0.3   0.00    11.3    1.2      8.6     1.7     19.2     1.2     23.1     1.8     36.4     1.7     -4.7     1.8     20.5     1.2   -100.4      1.7     31.7     2.5    218.0     6.35   408.97    15
  27.500   41.500    20.1   0.3    9.3   0.3   0.00     7.9    1.3     14.1     2.0     19.8     1.3     21.0     1.9     37.7     1.8     -2.6     2.0     20.1     1.3    -95.0      1.9     35.1     2.7    223.0     6.18   333.23    12
  28.000   41.500    20.8   0.3    9.8   0.3   0.00     4.4    1.6     19.7     2.4     20.0     1.6     18.2     2.1     39.0     2.2     -1.1     2.3     20.0     1.6    -88.9      2.3     37.8     3.2    215.0     6.02   226.45    11
  28.500   41.500    21.3   0.3   10.5   0.3   0.00     2.1    1.8     18.4     2.8     18.8     1.8     15.2     2.2     35.7     2.6     -2.0     2.4     18.8     1.8    -87.6      2.7     33.6     3.6    216.0     6.01   171.65    10
  29.000   41.500    21.9   0.3   11.3   0.3   0.00    -0.3    2.1     15.9     3.5     17.0     2.1     12.6     2.3     31.4     3.3     -2.9     2.5     17.1     2.1    -87.2      3.5     28.5     4.1    221.0     6.86   119.29    10
  29.500   41.500    22.1   0.3   11.5   0.3  -0.00     2.8    2.1      7.4     3.5      9.7     2.1      5.4     2.5     16.1     3.2     -3.4     2.8      9.7     2.1    -87.1      6.3     12.7     4.3    236.0     6.43   106.48    11
  30.000   41.500    21.7   0.3   11.0   0.3   0.00     5.3    1.8      6.5     3.0      5.7     1.8      1.2     2.0     10.1     2.6     -2.4     2.6      6.3     1.8    -77.4      8.4      7.7     3.7    255.0     6.01   117.63    11
  19.000   42.000    23.7   0.3   16.0   0.3   0.00    13.2    1.8      0.9     2.7    -13.0     1.8     -1.0     2.5     13.0     2.0    -13.1     3.1     13.1     1.8     -2.1      4.0     -0.1     3.7    142.0     6.17    21.36    21
  19.500   42.000    23.8   0.3   14.7   0.3   0.00    14.7    2.0      1.8     2.9    -13.7     2.0     -3.0     2.8     13.3     2.0    -14.5     3.5     13.9     2.0     -5.0      4.1     -1.2     4.0    151.0     6.06    16.08    17
  20.000   42.000    23.2   0.3   14.7   0.3   0.00    10.8    1.3     -0.3     1.8     -7.7     1.3      1.0     1.8      8.0     1.6     -7.3     1.9      7.7     1.3      2.5      4.7      0.7     2.5    179.0     6.18    56.51    27
  20.500   42.000    23.5   0.3   13.8   0.3   0.00     9.8    1.3      0.9     1.6     -7.1     1.3      5.4     2.0     10.6     1.8     -4.3     1.9      7.5     1.3      8.7      5.0      6.2     2.6    184.0     6.28    62.28    22
  21.000   42.000    23.6   0.3   13.2   0.3  -0.00     9.0    1.4      0.7     1.7     -6.4     1.4     10.6     2.2     13.7     2.1     -2.4     1.8      8.1     1.4     19.0      4.9     11.3     2.8    190.0     6.20    64.30    18
  21.500   42.000    23.5   0.3   12.7   0.3  -0.00     9.9    1.5     -0.3     1.9     -4.5     1.5     15.0     2.3     16.2     2.3     -1.5     1.9      8.8     1.5     29.7      4.8     14.7     3.0    195.0     6.06    87.10    16
  22.000   42.000    23.6   0.3   12.2   0.3   0.00     9.4    1.8     -1.1     2.5     -4.1     1.8     17.8     2.5     18.7     2.6     -1.9     2.5     10.3     1.8     33.4      5.0     16.8     3.6    186.0     6.05    63.43    14
  22.500   42.000    23.9   0.3   11.7   0.3   0.00     6.8    2.6     -3.0     3.7     -4.5     2.6     18.4     3.6     19.3     3.9     -3.9     3.3     11.6     2.6     33.7      6.4     15.3     5.2    157.0     6.04    25.70     9
  23.000   42.000    23.8   0.3   11.3   0.3   0.00     4.0    2.5     -2.9     3.7     -2.1     2.5     16.9     3.4     17.1     3.4     -3.1     3.6     10.1     2.5     39.0      7.1     14.0     5.0    155.0     6.02    34.21     8
  23.500   42.000    23.7   0.3   11.3   0.3   0.00    -0.7    3.2     -0.4     4.9      1.4     3.2     15.6     4.2     15.7     4.3     -0.5     4.8      8.1     3.2   -130.0     11.4     15.2     6.5    139.0     6.15    26.92     8
  24.000   42.000    23.8   0.3   11.5   0.3   0.00    -1.4    4.0      2.0     6.1      5.4     4.0     19.2     5.3     20.7     6.3      0.4     4.9     10.2     4.0   -119.0     11.4     21.1     8.0    142.0     6.01    40.30     7
  24.500   42.000    21.8   0.3    9.8   0.3  -0.00    13.8    1.8    -16.8     2.8      2.9     1.8     23.5     2.2     23.7     2.2    -17.0     2.8     20.4     1.8   -131.0      2.5      6.7     3.5    197.0     6.03   185.10    14
  25.000   42.000    20.9   0.3    9.7   0.3   0.00    14.9    1.5    -14.3     2.3      6.2     1.5     21.6     2.0     22.7     2.0    -15.4     2.3     19.0     1.5   -125.4      2.3      7.3     3.1    203.0     6.05   228.27    15
  25.500   42.000    20.8   0.3    9.6   0.3  -0.00    13.0    1.3     -9.0     1.8      8.5     1.3     20.3     1.7     22.6     1.7    -11.2     1.8     16.9     1.3   -120.0      2.1     11.3     2.5    213.0     6.24   326.16    16
  26.000   42.000    20.8   0.3    9.7   0.3   0.00    10.9    1.1     -3.6     1.6     10.1     1.1     18.8     1.6     22.6     1.6     -7.5     1.6     15.1     1.1   -114.0      2.2     15.1     2.3    219.0     6.19   380.60    16
  26.500   42.000    20.6   0.3    9.6   0.3   0.00     8.8    1.1      2.3     1.6     11.9     1.1     18.0     1.5     24.4     1.5     -4.2     1.5     14.3     1.1   -106.7      2.2     20.3     2.2    226.0     6.05   378.70    15
  27.000   42.000    20.8   0.3    9.9   0.3   0.00     6.8    1.1      6.5     1.7     12.4     1.1     16.5     1.5     24.9     1.6     -1.8     1.6     13.4     1.1   -101.0      2.4     23.1     2.3    232.0     6.35   359.99    13
  27.500   42.000    21.5   0.3   10.3   0.3   0.00     4.6    1.2      9.0     1.9     11.9     1.2     14.5     1.6     23.9     1.8     -0.5     1.7     12.2     1.2    -96.5      2.9     23.4     2.5    231.0     6.04   293.77    11
  28.000   42.000    21.4   0.3   10.6   0.3   0.00     2.6    1.4     10.2     2.2     12.5     1.4     12.5     1.7     23.9     2.1     -1.3     1.8     12.6     1.4    -92.7      3.2     22.6     2.8    227.0     6.03   206.15    11
  28.500   42.000    21.8   0.3   11.1   0.3   0.00     0.5    1.7     12.8     2.9     13.3     1.7     11.3     1.8     25.4     2.8     -1.3     1.9     13.3     1.7    -88.3      3.6     24.1     3.4    225.0     6.40   134.98    11
  29.000   42.000    22.3   0.3   11.3   0.3   0.00     3.3    1.5      7.8     2.5      8.8     1.5      7.4     1.8     16.4     2.4     -1.2     2.0      8.8     1.5    -89.4      5.0     15.2     3.1    243.0     6.02   163.86    12
  29.500   42.000    22.3   0.3   11.2   0.3   0.00     5.0    1.5      4.3     2.5      4.6     1.5      3.1     1.7      8.4     2.2     -1.0     2.0      4.7     1.5    -86.2      9.2      7.3     3.0    252.0     6.30   138.36    12
  30.000   42.000    22.1   0.3   10.7   0.3   0.00     6.9    1.5      2.6     2.4      1.7     1.5     -0.1     1.6      3.5     2.1     -0.9     2.0      2.2     1.5    -70.8     19.1      2.5     2.9    262.0     6.24   116.01    12
